<?xml version="1.0" encoding="UTF-8"?>
<testsuite name="SILab2Test" tests="1" skipped="0" failures="0" errors="0" timestamp="2024-05-26T22:18:49" hostname="DESKTOP-69JDA5L" time="0.021">
  <properties/>
  <testcase name="testEveryBranch()" classname="SILab2Test" time="0.021"/>
  <system-out><![CDATA[]]></system-out>
  <system-err><![CDATA[]]></system-err>
</testsuite>
